  [1m[35m (0.2ms)[0m  [1m[34mSELECT sqlite_version(*)[0m
  ↳ bin/rails:9
  [1m[35m (1.5ms)[0m  [1m[35mCREATE TABLE "schema_migrations" ("version" varchar NOT NULL PRIMARY KEY)[0m
  ↳ bin/rails:9
  [1m[35m (3.1ms)[0m  [1m[35mCREATE TABLE "ar_internal_metadata" ("key" varchar NOT NULL PRIMARY KEY, "value" varchar, "created_at" datetime NOT NULL, "updated_at" datetime NOT NULL)[0m
  ↳ bin/rails:9
  [1m[35m (0.4ms)[0m  [1m[34mSELECT "schema_migrations"."version" FROM "schema_migrations" ORDER BY "schema_migrations"."version" ASC[0m
  ↳ bin/rails:9
Migrating to CreateUsers (20181120184926)
  [1m[35m (0.1ms)[0m  [1m[36mbegin transaction[0m
  ↳ bin/rails:9
  [1m[35m (0.8ms)[0m  [1m[35mCREATE TABLE "users" ("id" integer PRIMARY KEY AUTOINCREMENT NOT NULL, "username" varchar NOT NULL, "password_digest" varchar NOT NULL, "session_token" varchar NOT NULL, "created_at" datetime NOT NULL, "updated_at" datetime NOT NULL)[0m
  ↳ db/migrate/20181120184926_create_users.rb:3
  [1m[35m (0.2ms)[0m  [1m[35mCREATE UNIQUE INDEX "index_users_on_username" ON "users" ("username")[0m
  ↳ db/migrate/20181120184926_create_users.rb:10
  [1m[35m (0.2ms)[0m  [1m[35mCREATE UNIQUE INDEX "index_users_on_session_token" ON "users" ("session_token")[0m
  ↳ db/migrate/20181120184926_create_users.rb:11
  [1m[36mActiveRecord::SchemaMigration Create (0.3ms)[0m  [1m[32mINSERT INTO "schema_migrations" ("version") VALUES (?)[0m  [["version", "20181120184926"]]
  ↳ bin/rails:9
  [1m[35m (1.3ms)[0m  [1m[36mcommit transaction[0m
  ↳ bin/rails:9
  [1m[36mActiveRecord::InternalMetadata Load (0.2ms)[0m  [1m[34mSELECT  "ar_internal_metadata".* FROM "ar_internal_metadata" WHERE "ar_internal_metadata"."key" = ? LIMIT ?[0m  [["key", "environment"], ["LIMIT", 1]]
  ↳ bin/rails:9
  [1m[35m (0.1ms)[0m  [1m[36mbegin transaction[0m
  ↳ bin/rails:9
  [1m[36mActiveRecord::InternalMetadata Create (0.6ms)[0m  [1m[32mINSERT INTO "ar_internal_metadata" ("key", "value", "created_at", "updated_at") VALUES (?, ?, ?, ?)[0m  [["key", "environment"], ["value", "development"], ["created_at", "2018-11-20 18:51:43.963677"], ["updated_at", "2018-11-20 18:51:43.963677"]]
  ↳ bin/rails:9
  [1m[35m (1.5ms)[0m  [1m[36mcommit transaction[0m
  ↳ bin/rails:9
  [1m[35m (0.3ms)[0m  [1m[34mSELECT "schema_migrations"."version" FROM "schema_migrations" ORDER BY "schema_migrations"."version" ASC[0m
  ↳ bin/rails:9
  [1m[35m (0.4ms)[0m  [1m[34mSELECT "schema_migrations"."version" FROM "schema_migrations" ORDER BY "schema_migrations"."version" ASC[0m
  ↳ bin/rails:9
Migrating to CreateSubs (20181120192432)
  [1m[35m (0.1ms)[0m  [1m[36mbegin transaction[0m
  ↳ bin/rails:9
  [1m[35m (0.1ms)[0m  [1m[34mSELECT sqlite_version(*)[0m
  ↳ db/migrate/20181120192432_create_subs.rb:3
  [1m[35m (0.6ms)[0m  [1m[35mCREATE TABLE "subs" ("id" integer PRIMARY KEY AUTOINCREMENT NOT NULL, "title" varchar NOT NULL, "description" text, "user_id" integer NOT NULL, "created_at" datetime NOT NULL, "updated_at" datetime NOT NULL)[0m
  ↳ db/migrate/20181120192432_create_subs.rb:3
  [1m[35m (0.2ms)[0m  [1m[35mCREATE  INDEX "index_subs_on_title" ON "subs" ("title")[0m
  ↳ db/migrate/20181120192432_create_subs.rb:10
  [1m[35m (0.6ms)[0m  [1m[35mCREATE  INDEX "index_subs_on_user_id" ON "subs" ("user_id")[0m
  ↳ db/migrate/20181120192432_create_subs.rb:11
  [1m[36mActiveRecord::SchemaMigration Create (0.5ms)[0m  [1m[32mINSERT INTO "schema_migrations" ("version") VALUES (?)[0m  [["version", "20181120192432"]]
  ↳ bin/rails:9
  [1m[35m (2.2ms)[0m  [1m[36mcommit transaction[0m
  ↳ bin/rails:9
Migrating to CreatePosts (20181120192610)
  [1m[35m (0.1ms)[0m  [1m[36mbegin transaction[0m
  ↳ bin/rails:9
  [1m[35m (0.7ms)[0m  [1m[35mCREATE TABLE "posts" ("id" integer PRIMARY KEY AUTOINCREMENT NOT NULL, "title" varchar NOT NULL, "url" varchar, "content" text, "sub_id" integer NOT NULL, "user_id" integer NOT NULL, "created_at" datetime NOT NULL, "updated_at" datetime NOT NULL)[0m
  ↳ db/migrate/20181120192610_create_posts.rb:3
  [1m[35m (0.2ms)[0m  [1m[35mCREATE  INDEX "index_posts_on_sub_id" ON "posts" ("sub_id")[0m
  ↳ db/migrate/20181120192610_create_posts.rb:12
  [1m[35m (2.5ms)[0m  [1m[35mCREATE  INDEX "index_posts_on_user_id" ON "posts" ("user_id")[0m
  ↳ db/migrate/20181120192610_create_posts.rb:13
  [1m[36mActiveRecord::SchemaMigration Create (0.3ms)[0m  [1m[32mINSERT INTO "schema_migrations" ("version") VALUES (?)[0m  [["version", "20181120192610"]]
  ↳ bin/rails:9
  [1m[35m (2.3ms)[0m  [1m[36mcommit transaction[0m
  ↳ bin/rails:9
  [1m[36mActiveRecord::InternalMetadata Load (2.0ms)[0m  [1m[34mSELECT  "ar_internal_metadata".* FROM "ar_internal_metadata" WHERE "ar_internal_metadata"."key" = ? LIMIT ?[0m  [["key", "environment"], ["LIMIT", 1]]
  ↳ bin/rails:9
  [1m[35m (0.3ms)[0m  [1m[36mbegin transaction[0m
  ↳ bin/rails:9
  [1m[35m (0.2ms)[0m  [1m[36mcommit transaction[0m
  ↳ bin/rails:9
  [1m[35m (0.1ms)[0m  [1m[34mSELECT "schema_migrations"."version" FROM "schema_migrations" ORDER BY "schema_migrations"."version" ASC[0m
  ↳ bin/rails:9
Started GET "/rails/info/routes" for 127.0.0.1 at 2018-11-20 11:29:23 -0800
  [1m[35m (0.8ms)[0m  [1m[34mSELECT "schema_migrations"."version" FROM "schema_migrations" ORDER BY "schema_migrations"."version" ASC[0m
  ↳ /usr/local/var/rbenv/versions/2.5.0/lib/ruby/gems/2.5.0/gems/activerecord-5.2.1/lib/active_record/log_subscriber.rb:98
Processing by Rails::InfoController#routes as HTML
  Rendering /usr/local/var/rbenv/versions/2.5.0/lib/ruby/gems/2.5.0/gems/railties-5.2.1/lib/rails/templates/rails/info/routes.html.erb within layouts/application
  Rendered collection of /usr/local/var/rbenv/versions/2.5.0/lib/ruby/gems/2.5.0/gems/actionpack-5.2.1/lib/action_dispatch/middleware/templates/routes/_route.html.erb [22 times] (84.9ms)
  Rendered /usr/local/var/rbenv/versions/2.5.0/lib/ruby/gems/2.5.0/gems/actionpack-5.2.1/lib/action_dispatch/middleware/templates/routes/_table.html.erb (59.2ms)
  Rendered /usr/local/var/rbenv/versions/2.5.0/lib/ruby/gems/2.5.0/gems/railties-5.2.1/lib/rails/templates/rails/info/routes.html.erb within layouts/application (193.9ms)
Completed 200 OK in 329ms (Views: 253.7ms | ActiveRecord: 0.0ms)


  [1m[35m (0.3ms)[0m  [1m[34mSELECT "schema_migrations"."version" FROM "schema_migrations" ORDER BY "schema_migrations"."version" ASC[0m
  ↳ /usr/local/var/rbenv/versions/2.5.0/bin/annotate:23
Started GET "/rails/info/routes" for 127.0.0.1 at 2018-11-20 11:38:43 -0800
Processing by Rails::InfoController#routes as HTML
Started GET "/rails/info/routes" for 127.0.0.1 at 2018-11-20 11:38:53 -0800
  Rendering /usr/local/var/rbenv/versions/2.5.0/lib/ruby/gems/2.5.0/gems/railties-5.2.1/lib/rails/templates/rails/info/routes.html.erb within layouts/application
  Rendered collection of /usr/local/var/rbenv/versions/2.5.0/lib/ruby/gems/2.5.0/gems/actionpack-5.2.1/lib/action_dispatch/middleware/templates/routes/_route.html.erb [24 times] (8.6ms)
  Rendered /usr/local/var/rbenv/versions/2.5.0/lib/ruby/gems/2.5.0/gems/actionpack-5.2.1/lib/action_dispatch/middleware/templates/routes/_table.html.erb (1.2ms)
  Rendered /usr/local/var/rbenv/versions/2.5.0/lib/ruby/gems/2.5.0/gems/railties-5.2.1/lib/rails/templates/rails/info/routes.html.erb within layouts/application (29.2ms)
Completed 200 OK in 69ms (Views: 48.8ms | ActiveRecord: 0.0ms)


Processing by Rails::InfoController#routes as HTML
  Rendering /usr/local/var/rbenv/versions/2.5.0/lib/ruby/gems/2.5.0/gems/railties-5.2.1/lib/rails/templates/rails/info/routes.html.erb within layouts/application
  Rendered collection of /usr/local/var/rbenv/versions/2.5.0/lib/ruby/gems/2.5.0/gems/actionpack-5.2.1/lib/action_dispatch/middleware/templates/routes/_route.html.erb [24 times] (7.7ms)
  Rendered /usr/local/var/rbenv/versions/2.5.0/lib/ruby/gems/2.5.0/gems/actionpack-5.2.1/lib/action_dispatch/middleware/templates/routes/_table.html.erb (0.3ms)
  Rendered /usr/local/var/rbenv/versions/2.5.0/lib/ruby/gems/2.5.0/gems/railties-5.2.1/lib/rails/templates/rails/info/routes.html.erb within layouts/application (17.4ms)
Completed 200 OK in 39ms (Views: 32.0ms | ActiveRecord: 0.0ms)


  [1m[36mSub Load (10.7ms)[0m  [1m[34mSELECT "subs".* FROM "subs"[0m
  [1m[36mSub Load (0.4ms)[0m  [1m[34mSELECT  "subs".* FROM "subs" WHERE "subs"."id" = ? LIMIT ?[0m  [["id", 1], ["LIMIT", 1]]
Started GET "/rails/info/routes" for 127.0.0.1 at 2018-11-20 12:00:00 -0800
Processing by Rails::InfoController#routes as HTML
  Rendering /usr/local/var/rbenv/versions/2.5.0/lib/ruby/gems/2.5.0/gems/railties-5.2.1/lib/rails/templates/rails/info/routes.html.erb within layouts/application
  Rendered collection of /usr/local/var/rbenv/versions/2.5.0/lib/ruby/gems/2.5.0/gems/actionpack-5.2.1/lib/action_dispatch/middleware/templates/routes/_route.html.erb [24 times] (7.3ms)
  Rendered /usr/local/var/rbenv/versions/2.5.0/lib/ruby/gems/2.5.0/gems/actionpack-5.2.1/lib/action_dispatch/middleware/templates/routes/_table.html.erb (2.1ms)
  Rendered /usr/local/var/rbenv/versions/2.5.0/lib/ruby/gems/2.5.0/gems/railties-5.2.1/lib/rails/templates/rails/info/routes.html.erb within layouts/application (42.0ms)
Completed 200 OK in 95ms (Views: 69.8ms | ActiveRecord: 0.0ms)


  [1m[35m (0.4ms)[0m  [1m[34mSELECT "schema_migrations"."version" FROM "schema_migrations" ORDER BY "schema_migrations"."version" ASC[0m
  ↳ bin/rails:9
Migrating to AddDeletePosts (20181120220627)
  [1m[35m (0.1ms)[0m  [1m[36mbegin transaction[0m
  ↳ bin/rails:9
  [1m[35m (0.1ms)[0m  [1m[34mSELECT sqlite_version(*)[0m
  ↳ db/migrate/20181120220627_add_delete_posts.rb:3
  [1m[35m (0.4ms)[0m  [1m[35mCREATE TEMPORARY TABLE "aposts" ("id" integer NOT NULL PRIMARY KEY, "title" varchar NOT NULL, "url" varchar DEFAULT NULL, "content" text DEFAULT NULL, "sub_id" integer NOT NULL, "user_id" integer NOT NULL, "created_at" datetime NOT NULL, "updated_at" datetime NOT NULL)[0m
  ↳ db/migrate/20181120220627_add_delete_posts.rb:3
  [1m[35m (0.2ms)[0m  [1m[35mCREATE  INDEX "tindex_aposts_on_user_id" ON "aposts" ("user_id")[0m
  ↳ db/migrate/20181120220627_add_delete_posts.rb:3
  [1m[35m (0.1ms)[0m  [1m[35mCREATE  INDEX "tindex_aposts_on_sub_id" ON "aposts" ("sub_id")[0m
  ↳ db/migrate/20181120220627_add_delete_posts.rb:3
  [1m[35m (0.3ms)[0m  [1m[32mINSERT INTO "aposts" ("id","title","url","content","sub_id","user_id","created_at","updated_at")
                     SELECT "id","title","url","content","sub_id","user_id","created_at","updated_at" FROM "posts"[0m
  ↳ db/migrate/20181120220627_add_delete_posts.rb:3
  [1m[35m (1.3ms)[0m  [1m[35mDROP TABLE "posts"[0m
  ↳ db/migrate/20181120220627_add_delete_posts.rb:3
  [1m[35m (0.2ms)[0m  [1m[35mCREATE TABLE "posts" ("id" integer NOT NULL PRIMARY KEY, "title" varchar NOT NULL, "url" varchar DEFAULT NULL, "content" text DEFAULT NULL, "user_id" integer NOT NULL, "created_at" datetime NOT NULL, "updated_at" datetime NOT NULL)[0m
  ↳ db/migrate/20181120220627_add_delete_posts.rb:3
  [1m[35m (0.1ms)[0m  [1m[35mCREATE  INDEX "index_posts_on_user_id" ON "posts" ("user_id")[0m
  ↳ db/migrate/20181120220627_add_delete_posts.rb:3
  [1m[35m (0.1ms)[0m  [1m[32mINSERT INTO "posts" ("id","title","url","content","user_id","created_at","updated_at")
                     SELECT "id","title","url","content","user_id","created_at","updated_at" FROM "aposts"[0m
  ↳ db/migrate/20181120220627_add_delete_posts.rb:3
  [1m[35m (0.2ms)[0m  [1m[35mDROP TABLE "aposts"[0m
  ↳ db/migrate/20181120220627_add_delete_posts.rb:3
  [1m[36mActiveRecord::SchemaMigration Create (12.0ms)[0m  [1m[32mINSERT INTO "schema_migrations" ("version") VALUES (?)[0m  [["version", "20181120220627"]]
  ↳ bin/rails:9
  [1m[35m (2.1ms)[0m  [1m[36mcommit transaction[0m
  ↳ bin/rails:9
  [1m[36mActiveRecord::InternalMetadata Load (0.6ms)[0m  [1m[34mSELECT  "ar_internal_metadata".* FROM "ar_internal_metadata" WHERE "ar_internal_metadata"."key" = ? LIMIT ?[0m  [["key", "environment"], ["LIMIT", 1]]
  ↳ bin/rails:9
  [1m[35m (0.3ms)[0m  [1m[36mbegin transaction[0m
  ↳ bin/rails:9
  [1m[35m (0.1ms)[0m  [1m[36mcommit transaction[0m
  ↳ bin/rails:9
  [1m[35m (0.2ms)[0m  [1m[34mSELECT "schema_migrations"."version" FROM "schema_migrations" ORDER BY "schema_migrations"."version" ASC[0m
  ↳ bin/rails:9
  [1m[35m (0.2ms)[0m  [1m[34mSELECT "schema_migrations"."version" FROM "schema_migrations" ORDER BY "schema_migrations"."version" ASC[0m
  ↳ bin/rails:9
Migrating to CreatePostSubs (20181120220814)
  [1m[35m (0.1ms)[0m  [1m[36mbegin transaction[0m
  ↳ bin/rails:9
  [1m[35m (0.1ms)[0m  [1m[34mSELECT sqlite_version(*)[0m
  ↳ db/migrate/20181120220814_create_post_subs.rb:3
  [1m[35m (0.6ms)[0m  [1m[35mCREATE TABLE "post_subs" ("id" integer PRIMARY KEY AUTOINCREMENT NOT NULL, "post_id" integer NOT NULL, "sub_id" integer NOT NULL, "created_at" datetime NOT NULL, "updated_at" datetime NOT NULL)[0m
  ↳ db/migrate/20181120220814_create_post_subs.rb:3
  [1m[35m (0.2ms)[0m  [1m[35mCREATE  INDEX "index_post_subs_on_post_id" ON "post_subs" ("post_id")[0m
  ↳ db/migrate/20181120220814_create_post_subs.rb:8
  [1m[35m (0.2ms)[0m  [1m[35mCREATE  INDEX "index_post_subs_on_sub_id" ON "post_subs" ("sub_id")[0m
  ↳ db/migrate/20181120220814_create_post_subs.rb:9
  [1m[36mActiveRecord::SchemaMigration Create (0.3ms)[0m  [1m[32mINSERT INTO "schema_migrations" ("version") VALUES (?)[0m  [["version", "20181120220814"]]
  ↳ bin/rails:9
  [1m[35m (1.4ms)[0m  [1m[36mcommit transaction[0m
  ↳ bin/rails:9
  [1m[36mActiveRecord::InternalMetadata Load (0.4ms)[0m  [1m[34mSELECT  "ar_internal_metadata".* FROM "ar_internal_metadata" WHERE "ar_internal_metadata"."key" = ? LIMIT ?[0m  [["key", "environment"], ["LIMIT", 1]]
  ↳ bin/rails:9
  [1m[35m (0.1ms)[0m  [1m[36mbegin transaction[0m
  ↳ bin/rails:9
  [1m[35m (0.1ms)[0m  [1m[36mcommit transaction[0m
  ↳ bin/rails:9
  [1m[35m (0.3ms)[0m  [1m[34mSELECT "schema_migrations"."version" FROM "schema_migrations" ORDER BY "schema_migrations"."version" ASC[0m
  ↳ bin/rails:9
  [1m[35m (0.7ms)[0m  [1m[34mSELECT "schema_migrations"."version" FROM "schema_migrations" ORDER BY "schema_migrations"."version" ASC[0m
  ↳ /usr/local/var/rbenv/versions/2.5.0/bin/annotate:23
Started GET "/" for 127.0.0.1 at 2018-11-20 14:56:36 -0800
  [1m[35m (1.0ms)[0m  [1m[34mSELECT "schema_migrations"."version" FROM "schema_migrations" ORDER BY "schema_migrations"."version" ASC[0m
  ↳ /usr/local/var/rbenv/versions/2.5.0/lib/ruby/gems/2.5.0/gems/activerecord-5.2.1/lib/active_record/log_subscriber.rb:98
Processing by Rails::WelcomeController#index as HTML
  Rendering /usr/local/var/rbenv/versions/2.5.0/lib/ruby/gems/2.5.0/gems/railties-5.2.1/lib/rails/templates/rails/welcome/index.html.erb
  Rendered /usr/local/var/rbenv/versions/2.5.0/lib/ruby/gems/2.5.0/gems/railties-5.2.1/lib/rails/templates/rails/welcome/index.html.erb (3.4ms)
Completed 200 OK in 84ms (Views: 10.2ms | ActiveRecord: 0.0ms)


Started GET "/users/new" for 127.0.0.1 at 2018-11-20 14:56:43 -0800
Processing by UsersController#new as HTML
  Rendering users/new.html.erb within layouts/application
  Rendered users/new.html.erb within layouts/application (1.3ms)
  [1m[36mUser Load (0.5ms)[0m  [1m[34mSELECT  "users".* FROM "users" WHERE "users"."session_token" IS NULL LIMIT ?[0m  [["LIMIT", 1]]
  ↳ app/controllers/application_controller.rb:11
Completed 200 OK in 2404ms (Views: 2292.7ms | ActiveRecord: 1.4ms)


Started POST "/users" for 127.0.0.1 at 2018-11-20 14:57:06 -0800
Processing by UsersController#create as HTML
  Parameters: {"authenticity_token"=>"LYsy5JdGDl1MrIaMQ0qxbAu/sqRVX3wq7bSTV+KUFyeSIDIFJtEtrEINJVW+ZgAKrdGEu6swz23TofLb81m+OA==", "user"=>{"username"=>"test_user1", "password"=>"[FILTERED]"}}
  [1m[35m (0.1ms)[0m  [1m[36mbegin transaction[0m
  ↳ app/controllers/users_controller.rb:10
  [1m[36mUser Create (25.7ms)[0m  [1m[32mINSERT INTO "users" ("username", "password_digest", "session_token", "created_at", "updated_at") VALUES (?, ?, ?, ?, ?)[0m  [["username", "test_user1"], ["password_digest", "$2a$10$TtaGUK1szj4Q4XzDnjK9aeVcHvo/ETHHfJHDTgiL/YMZZif9hYEx."], ["session_token", "JYGXfz-wMkAPNBLGJ0zEvg"], ["created_at", "2018-11-20 22:57:06.815321"], ["updated_at", "2018-11-20 22:57:06.815321"]]
  ↳ app/controllers/users_controller.rb:10
  [1m[35m (1.2ms)[0m  [1m[36mcommit transaction[0m
  ↳ app/controllers/users_controller.rb:10
  [1m[35m (0.1ms)[0m  [1m[36mbegin transaction[0m
  ↳ app/models/user.rb:46
  [1m[36mUser Update (0.7ms)[0m  [1m[33mUPDATE "users" SET "session_token" = ?, "updated_at" = ? WHERE "users"."id" = ?[0m  [["session_token", "oC8-2TaD_CqKvSjvRibJjg"], ["updated_at", "2018-11-20 22:57:06.846134"], ["id", 1]]
  ↳ app/models/user.rb:46
  [1m[35m (24.0ms)[0m  [1m[36mcommit transaction[0m
  ↳ app/models/user.rb:46
No template found for UsersController#create, rendering head :no_content
Completed 204 No Content in 411ms (ActiveRecord: 51.9ms)


Started POST "/users" for 127.0.0.1 at 2018-11-20 14:57:09 -0800
Processing by UsersController#create as HTML
  Parameters: {"authenticity_token"=>"LYsy5JdGDl1MrIaMQ0qxbAu/sqRVX3wq7bSTV+KUFyeSIDIFJtEtrEINJVW+ZgAKrdGEu6swz23TofLb81m+OA==", "user"=>{"username"=>"test_user1", "password"=>"[FILTERED]"}}
  [1m[35m (0.1ms)[0m  [1m[36mbegin transaction[0m
  ↳ app/controllers/users_controller.rb:10
  [1m[36mUser Create (2.9ms)[0m  [1m[32mINSERT INTO "users" ("username", "password_digest", "session_token", "created_at", "updated_at") VALUES (?, ?, ?, ?, ?)[0m  [["username", "test_user1"], ["password_digest", "$2a$10$erxT0HDTUI7WmOWSGuPhYeZctVI9mW2NHEhwkItwrk34vzyt5KhLq"], ["session_token", "82XMkqgQk3xe1N81v7aSHg"], ["created_at", "2018-11-20 22:57:09.858602"], ["updated_at", "2018-11-20 22:57:09.858602"]]
  ↳ app/controllers/users_controller.rb:10
  [1m[35m (0.1ms)[0m  [1m[31mrollback transaction[0m
  ↳ app/controllers/users_controller.rb:10
Completed 500 Internal Server Error in 80ms (ActiveRecord: 3.1ms)



SQLite3::ConstraintException - UNIQUE constraint failed: users.username:
  app/controllers/users_controller.rb:10:in `create'

Started POST "/__better_errors/55f907ccdf9c9ff3/variables" for 127.0.0.1 at 2018-11-20 14:57:10 -0800
Started POST "/users" for 127.0.0.1 at 2018-11-20 14:57:23 -0800
Processing by UsersController#create as HTML
  Parameters: {"authenticity_token"=>"LYsy5JdGDl1MrIaMQ0qxbAu/sqRVX3wq7bSTV+KUFyeSIDIFJtEtrEINJVW+ZgAKrdGEu6swz23TofLb81m+OA==", "user"=>{"username"=>"test_user1", "password"=>"[FILTERED]"}}
  [1m[35m (0.1ms)[0m  [1m[36mbegin transaction[0m
  ↳ app/controllers/users_controller.rb:10
  [1m[36mUser Create (1.9ms)[0m  [1m[32mINSERT INTO "users" ("username", "password_digest", "session_token", "created_at", "updated_at") VALUES (?, ?, ?, ?, ?)[0m  [["username", "test_user1"], ["password_digest", "$2a$10$6d0k1IpcH7W/isq1o2G4../.ykyFwIwGmW1ft7ePBd/Zo9/erDLHK"], ["session_token", "DoewliGN6l5KkOGricWC2w"], ["created_at", "2018-11-20 22:57:23.849256"], ["updated_at", "2018-11-20 22:57:23.849256"]]
  ↳ app/controllers/users_controller.rb:10
  [1m[35m (0.1ms)[0m  [1m[31mrollback transaction[0m
  ↳ app/controllers/users_controller.rb:10
Completed 500 Internal Server Error in 81ms (ActiveRecord: 2.0ms)



SQLite3::ConstraintException - UNIQUE constraint failed: users.username:
  app/controllers/users_controller.rb:10:in `create'

Started POST "/__better_errors/96f92c8d8f3219df/variables" for 127.0.0.1 at 2018-11-20 14:57:24 -0800
Started POST "/users" for 127.0.0.1 at 2018-11-20 14:58:18 -0800
Processing by UsersController#create as HTML
  Parameters: {"authenticity_token"=>"LYsy5JdGDl1MrIaMQ0qxbAu/sqRVX3wq7bSTV+KUFyeSIDIFJtEtrEINJVW+ZgAKrdGEu6swz23TofLb81m+OA==", "user"=>{"username"=>"test_user2", "password"=>"[FILTERED]"}}
  [1m[35m (0.1ms)[0m  [1m[36mbegin transaction[0m
  ↳ app/controllers/users_controller.rb:10
  [1m[36mUser Create (0.6ms)[0m  [1m[32mINSERT INTO "users" ("username", "password_digest", "session_token", "created_at", "updated_at") VALUES (?, ?, ?, ?, ?)[0m  [["username", "test_user2"], ["password_digest", "$2a$10$X8nvarGrXFlZMgEIhUMBie.y4Y7EeVcvLOHLcMnY/A5kqKNBct2f6"], ["session_token", "hhVIepE47wXe9xHMDm5CRw"], ["created_at", "2018-11-20 22:58:19.355691"], ["updated_at", "2018-11-20 22:58:19.355691"]]
  ↳ app/controllers/users_controller.rb:10
  [1m[35m (1.5ms)[0m  [1m[36mcommit transaction[0m
  ↳ app/controllers/users_controller.rb:10
  [1m[35m (0.1ms)[0m  [1m[36mbegin transaction[0m
  ↳ app/models/user.rb:46
  [1m[36mUser Update (0.4ms)[0m  [1m[33mUPDATE "users" SET "session_token" = ?, "updated_at" = ? WHERE "users"."id" = ?[0m  [["session_token", "tgX5vRM_MpZcEvMl6XX4sA"], ["updated_at", "2018-11-20 22:58:19.360449"], ["id", 2]]
  ↳ app/models/user.rb:46
  [1m[35m (1.7ms)[0m  [1m[36mcommit transaction[0m
  ↳ app/models/user.rb:46
Redirected to http://localhost:3000/subs
Completed 302 Found in 146ms (ActiveRecord: 5.8ms)


Started GET "/subs" for 127.0.0.1 at 2018-11-20 14:58:19 -0800
Processing by SubsController#index as HTML
  [1m[36mUser Load (0.4ms)[0m  [1m[34mSELECT  "users".* FROM "users" WHERE "users"."session_token" = ? LIMIT ?[0m  [["session_token", "tgX5vRM_MpZcEvMl6XX4sA"], ["LIMIT", 1]]
  ↳ app/controllers/application_controller.rb:11
  Rendering subs/index.html.erb within layouts/application
  [1m[36mSub Load (0.3ms)[0m  [1m[34mSELECT "subs".* FROM "subs"[0m
  ↳ app/views/subs/index.html.erb:4
  Rendered subs/index.html.erb within layouts/application (4.1ms)
Completed 200 OK in 166ms (Views: 102.5ms | ActiveRecord: 1.3ms)


Started GET "/subs" for 127.0.0.1 at 2018-11-20 14:59:00 -0800
Processing by SubsController#index as HTML
  [1m[36mUser Load (0.2ms)[0m  [1m[34mSELECT  "users".* FROM "users" WHERE "users"."session_token" = ? LIMIT ?[0m  [["session_token", "tgX5vRM_MpZcEvMl6XX4sA"], ["LIMIT", 1]]
  ↳ app/controllers/application_controller.rb:11
  Rendering subs/index.html.erb within layouts/application
  [1m[36mSub Load (0.4ms)[0m  [1m[34mSELECT "subs".* FROM "subs"[0m
  ↳ app/views/subs/index.html.erb:4
  Rendered subs/index.html.erb within layouts/application (1.9ms)
Completed 200 OK in 44ms (Views: 41.1ms | ActiveRecord: 0.6ms)


Started GET "/subs/new" for 127.0.0.1 at 2018-11-20 14:59:07 -0800
Processing by SubsController#new as HTML
  [1m[36mUser Load (0.2ms)[0m  [1m[34mSELECT  "users".* FROM "users" WHERE "users"."session_token" = ? LIMIT ?[0m  [["session_token", "tgX5vRM_MpZcEvMl6XX4sA"], ["LIMIT", 1]]
  ↳ app/controllers/application_controller.rb:11
  Rendering subs/new.html.erb within layouts/application
  Rendered subs/new.html.erb within layouts/application (0.8ms)
Completed 200 OK in 63ms (Views: 55.0ms | ActiveRecord: 0.6ms)


Started POST "/subs" for 127.0.0.1 at 2018-11-20 14:59:26 -0800
Processing by SubsController#create as HTML
  Parameters: {"authenticity_token"=>"e7YIENKyYj2J9z8/GI/HtO/9R13C/wyU9qXBmoyte4XEHQjxYyVBzIdWnOblo3bSSZNxQjyQv9PIsKAWnWDSmg==", "sub"=>{"title"=>"App Academy", "description"=>"A04 is coming soon"}}
  [1m[36mUser Load (0.2ms)[0m  [1m[34mSELECT  "users".* FROM "users" WHERE "users"."session_token" = ? LIMIT ?[0m  [["session_token", "tgX5vRM_MpZcEvMl6XX4sA"], ["LIMIT", 1]]
  ↳ app/controllers/application_controller.rb:11
  [1m[35m (0.1ms)[0m  [1m[36mbegin transaction[0m
  ↳ app/controllers/subs_controller.rb:19
  [1m[36mUser Load (0.2ms)[0m  [1m[34mSELECT  "users".* FROM "users" WHERE "users"."id" = ? LIMIT ?[0m  [["id", 2], ["LIMIT", 1]]
  ↳ app/controllers/subs_controller.rb:19
  [1m[36mSub Create (0.4ms)[0m  [1m[32mINSERT INTO "subs" ("title", "description", "user_id", "created_at", "updated_at") VALUES (?, ?, ?, ?, ?)[0m  [["title", "App Academy"], ["description", "A04 is coming soon"], ["user_id", 2], ["created_at", "2018-11-20 22:59:26.418868"], ["updated_at", "2018-11-20 22:59:26.418868"]]
  ↳ app/controllers/subs_controller.rb:19
  [1m[35m (1.3ms)[0m  [1m[36mcommit transaction[0m
  ↳ app/controllers/subs_controller.rb:19
Redirected to http://localhost:3000/subs/1
Completed 302 Found in 155ms (ActiveRecord: 2.2ms)


Started GET "/subs/1" for 127.0.0.1 at 2018-11-20 14:59:26 -0800
Processing by SubsController#show as HTML
  Parameters: {"id"=>"1"}
  [1m[36mUser Load (0.2ms)[0m  [1m[34mSELECT  "users".* FROM "users" WHERE "users"."session_token" = ? LIMIT ?[0m  [["session_token", "tgX5vRM_MpZcEvMl6XX4sA"], ["LIMIT", 1]]
  ↳ app/controllers/application_controller.rb:11
  [1m[36mSub Load (0.2ms)[0m  [1m[34mSELECT  "subs".* FROM "subs" WHERE "subs"."id" = ? LIMIT ?[0m  [["id", 1], ["LIMIT", 1]]
  ↳ app/controllers/subs_controller.rb:49
  Rendering subs/show.html.erb within layouts/application
  Rendered subs/show.html.erb within layouts/application (1.3ms)
Completed 200 OK in 73ms (Views: 70.3ms | ActiveRecord: 0.4ms)


Started GET "/subs/" for 127.0.0.1 at 2018-11-20 15:00:09 -0800
Processing by SubsController#index as HTML
  [1m[36mUser Load (0.3ms)[0m  [1m[34mSELECT  "users".* FROM "users" WHERE "users"."session_token" = ? LIMIT ?[0m  [["session_token", "tgX5vRM_MpZcEvMl6XX4sA"], ["LIMIT", 1]]
  ↳ app/controllers/application_controller.rb:11
  Rendering subs/index.html.erb within layouts/application
  [1m[36mSub Load (0.4ms)[0m  [1m[34mSELECT "subs".* FROM "subs"[0m
  ↳ app/views/subs/index.html.erb:4
  Rendered subs/index.html.erb within layouts/application (3.5ms)
Completed 200 OK in 51ms (Views: 47.9ms | ActiveRecord: 0.7ms)


Started GET "/subs/" for 127.0.0.1 at 2018-11-20 15:00:23 -0800
Processing by SubsController#index as HTML
  [1m[36mUser Load (0.2ms)[0m  [1m[34mSELECT  "users".* FROM "users" WHERE "users"."session_token" = ? LIMIT ?[0m  [["session_token", "tgX5vRM_MpZcEvMl6XX4sA"], ["LIMIT", 1]]
  ↳ app/controllers/application_controller.rb:11
  Rendering subs/index.html.erb within layouts/application
  [1m[36mSub Load (0.4ms)[0m  [1m[34mSELECT "subs".* FROM "subs"[0m
  ↳ app/views/subs/index.html.erb:4
  Rendered subs/index.html.erb within layouts/application (2.4ms)
Completed 200 OK in 50ms (Views: 47.5ms | ActiveRecord: 0.6ms)


Started GET "/subs/1" for 127.0.0.1 at 2018-11-20 15:00:27 -0800
Processing by SubsController#show as HTML
  Parameters: {"id"=>"1"}
  [1m[36mUser Load (0.2ms)[0m  [1m[34mSELECT  "users".* FROM "users" WHERE "users"."session_token" = ? LIMIT ?[0m  [["session_token", "tgX5vRM_MpZcEvMl6XX4sA"], ["LIMIT", 1]]
  ↳ app/controllers/application_controller.rb:11
  [1m[36mSub Load (0.2ms)[0m  [1m[34mSELECT  "subs".* FROM "subs" WHERE "subs"."id" = ? LIMIT ?[0m  [["id", 1], ["LIMIT", 1]]
  ↳ app/controllers/subs_controller.rb:49
  Rendering subs/show.html.erb within layouts/application
  Rendered subs/show.html.erb within layouts/application (0.8ms)
Completed 200 OK in 55ms (Views: 26.9ms | ActiveRecord: 0.4ms)


Started GET "/subs/1/edit" for 127.0.0.1 at 2018-11-20 15:00:28 -0800
Processing by SubsController#edit as HTML
  Parameters: {"id"=>"1"}
  [1m[36mUser Load (0.2ms)[0m  [1m[34mSELECT  "users".* FROM "users" WHERE "users"."session_token" = ? LIMIT ?[0m  [["session_token", "tgX5vRM_MpZcEvMl6XX4sA"], ["LIMIT", 1]]
  ↳ app/controllers/application_controller.rb:11
  [1m[36mSub Load (0.3ms)[0m  [1m[34mSELECT  "subs".* FROM "subs" WHERE "subs"."id" = ? LIMIT ?[0m  [["id", 1], ["LIMIT", 1]]
  ↳ app/controllers/subs_controller.rb:7
  [1m[36mCACHE Sub Load (0.0ms)[0m  [1m[34mSELECT  "subs".* FROM "subs" WHERE "subs"."id" = ? LIMIT ?[0m  [["id", 1], ["LIMIT", 1]]
  ↳ app/controllers/subs_controller.rb:28
  Rendering subs/edit.html.erb within layouts/application
  Rendered subs/edit.html.erb within layouts/application (0.8ms)
Completed 200 OK in 86ms (Views: 81.1ms | ActiveRecord: 0.5ms)


Started GET "/subs/1/edit" for 127.0.0.1 at 2018-11-20 15:00:56 -0800
Processing by SubsController#edit as HTML
  Parameters: {"id"=>"1"}
  [1m[36mUser Load (0.2ms)[0m  [1m[34mSELECT  "users".* FROM "users" WHERE "users"."session_token" = ? LIMIT ?[0m  [["session_token", "tgX5vRM_MpZcEvMl6XX4sA"], ["LIMIT", 1]]
  ↳ app/controllers/application_controller.rb:11
  [1m[36mSub Load (0.2ms)[0m  [1m[34mSELECT  "subs".* FROM "subs" WHERE "subs"."id" = ? LIMIT ?[0m  [["id", 1], ["LIMIT", 1]]
  ↳ app/controllers/subs_controller.rb:7
  [1m[36mCACHE Sub Load (0.0ms)[0m  [1m[34mSELECT  "subs".* FROM "subs" WHERE "subs"."id" = ? LIMIT ?[0m  [["id", 1], ["LIMIT", 1]]
  ↳ app/controllers/subs_controller.rb:28
  Rendering subs/edit.html.erb within layouts/application
  Rendered subs/edit.html.erb within layouts/application (0.9ms)
Completed 200 OK in 69ms (Views: 65.9ms | ActiveRecord: 0.4ms)


Started PATCH "/subs/1" for 127.0.0.1 at 2018-11-20 15:01:06 -0800
Processing by SubsController#update as HTML
  Parameters: {"authenticity_token"=>"9JCv8biOxdY+Ncdm9AKodF5/5WKdxUmhc6qeBpuPGE5LO68QCRnmJzCUZL8JLhkS+BHTfWOq+uZNv/+KikKxUQ==", "sub"=>{"title"=>"App Academy", "description"=>"A04 is coming soon\r\nJon needs sleep"}, "id"=>"1"}
  [1m[36mUser Load (0.2ms)[0m  [1m[34mSELECT  "users".* FROM "users" WHERE "users"."session_token" = ? LIMIT ?[0m  [["session_token", "tgX5vRM_MpZcEvMl6XX4sA"], ["LIMIT", 1]]
  ↳ app/controllers/application_controller.rb:11
  [1m[36mSub Load (0.2ms)[0m  [1m[34mSELECT  "subs".* FROM "subs" WHERE "subs"."id" = ? LIMIT ?[0m  [["id", 1], ["LIMIT", 1]]
  ↳ app/controllers/subs_controller.rb:7
  [1m[36mSub Load (0.5ms)[0m  [1m[34mSELECT  "subs".* FROM "subs" WHERE "subs"."user_id" = ? AND "subs"."id" = ? LIMIT ?[0m  [["user_id", 2], ["id", 1], ["LIMIT", 1]]
  ↳ app/controllers/subs_controller.rb:33
  [1m[35m (0.1ms)[0m  [1m[36mbegin transaction[0m
  ↳ app/controllers/subs_controller.rb:35
  [1m[36mUser Load (0.3ms)[0m  [1m[34mSELECT  "users".* FROM "users" WHERE "users"."id" = ? LIMIT ?[0m  [["id", 2], ["LIMIT", 1]]
  ↳ app/controllers/subs_controller.rb:35
  [1m[36mSub Update (0.7ms)[0m  [1m[33mUPDATE "subs" SET "description" = ?, "updated_at" = ? WHERE "subs"."id" = ?[0m  [["description", "A04 is coming soon\r\nJon needs sleep"], ["updated_at", "2018-11-20 23:01:06.802971"], ["id", 1]]
  ↳ app/controllers/subs_controller.rb:35
  [1m[35m (1.2ms)[0m  [1m[36mcommit transaction[0m
  ↳ app/controllers/subs_controller.rb:35
Redirected to http://localhost:3000/subs/1
Completed 302 Found in 40ms (ActiveRecord: 3.0ms)


Started GET "/subs/1" for 127.0.0.1 at 2018-11-20 15:01:06 -0800
Processing by SubsController#show as HTML
  Parameters: {"id"=>"1"}
  [1m[36mUser Load (0.4ms)[0m  [1m[34mSELECT  "users".* FROM "users" WHERE "users"."session_token" = ? LIMIT ?[0m  [["session_token", "tgX5vRM_MpZcEvMl6XX4sA"], ["LIMIT", 1]]
  ↳ app/controllers/application_controller.rb:11
  [1m[36mSub Load (0.2ms)[0m  [1m[34mSELECT  "subs".* FROM "subs" WHERE "subs"."id" = ? LIMIT ?[0m  [["id", 1], ["LIMIT", 1]]
  ↳ app/controllers/subs_controller.rb:49
  Rendering subs/show.html.erb within layouts/application
  Rendered subs/show.html.erb within layouts/application (1.0ms)
Completed 200 OK in 62ms (Views: 59.4ms | ActiveRecord: 0.6ms)


Started GET "/subs/1" for 127.0.0.1 at 2018-11-20 15:01:44 -0800
Processing by SubsController#show as HTML
  Parameters: {"id"=>"1"}
  [1m[36mUser Load (0.3ms)[0m  [1m[34mSELECT  "users".* FROM "users" WHERE "users"."session_token" = ? LIMIT ?[0m  [["session_token", "tgX5vRM_MpZcEvMl6XX4sA"], ["LIMIT", 1]]
  ↳ app/controllers/application_controller.rb:11
  [1m[36mSub Load (0.3ms)[0m  [1m[34mSELECT  "subs".* FROM "subs" WHERE "subs"."id" = ? LIMIT ?[0m  [["id", 1], ["LIMIT", 1]]
  ↳ app/controllers/subs_controller.rb:49
  Rendering subs/show.html.erb within layouts/application
  Rendered subs/show.html.erb within layouts/application (0.8ms)
Completed 200 OK in 46ms (Views: 42.3ms | ActiveRecord: 0.6ms)


Started GET "/subs/1" for 127.0.0.1 at 2018-11-20 15:01:45 -0800
Processing by SubsController#show as HTML
  Parameters: {"id"=>"1"}
  [1m[36mUser Load (0.3ms)[0m  [1m[34mSELECT  "users".* FROM "users" WHERE "users"."session_token" = ? LIMIT ?[0m  [["session_token", "tgX5vRM_MpZcEvMl6XX4sA"], ["LIMIT", 1]]
  ↳ app/controllers/application_controller.rb:11
  [1m[36mSub Load (0.2ms)[0m  [1m[34mSELECT  "subs".* FROM "subs" WHERE "subs"."id" = ? LIMIT ?[0m  [["id", 1], ["LIMIT", 1]]
  ↳ app/controllers/subs_controller.rb:49
  Rendering subs/show.html.erb within layouts/application
  Rendered subs/show.html.erb within layouts/application (1.1ms)
Completed 200 OK in 52ms (Views: 49.2ms | ActiveRecord: 0.5ms)


Started GET "/subs/1" for 127.0.0.1 at 2018-11-20 15:01:46 -0800
Processing by SubsController#show as HTML
  Parameters: {"id"=>"1"}
  [1m[36mUser Load (0.2ms)[0m  [1m[34mSELECT  "users".* FROM "users" WHERE "users"."session_token" = ? LIMIT ?[0m  [["session_token", "tgX5vRM_MpZcEvMl6XX4sA"], ["LIMIT", 1]]
  ↳ app/controllers/application_controller.rb:11
  [1m[36mSub Load (0.2ms)[0m  [1m[34mSELECT  "subs".* FROM "subs" WHERE "subs"."id" = ? LIMIT ?[0m  [["id", 1], ["LIMIT", 1]]
  ↳ app/controllers/subs_controller.rb:49
  Rendering subs/show.html.erb within layouts/application
  Rendered subs/show.html.erb within layouts/application (1.2ms)
Completed 200 OK in 51ms (Views: 47.8ms | ActiveRecord: 0.4ms)


Started GET "/subs/1" for 127.0.0.1 at 2018-11-20 15:01:46 -0800
Processing by SubsController#show as HTML
  Parameters: {"id"=>"1"}
  [1m[36mUser Load (0.2ms)[0m  [1m[34mSELECT  "users".* FROM "users" WHERE "users"."session_token" = ? LIMIT ?[0m  [["session_token", "tgX5vRM_MpZcEvMl6XX4sA"], ["LIMIT", 1]]
  ↳ app/controllers/application_controller.rb:11
  [1m[36mSub Load (0.1ms)[0m  [1m[34mSELECT  "subs".* FROM "subs" WHERE "subs"."id" = ? LIMIT ?[0m  [["id", 1], ["LIMIT", 1]]
  ↳ app/controllers/subs_controller.rb:49
  Rendering subs/show.html.erb within layouts/application
  Rendered subs/show.html.erb within layouts/application (0.8ms)
Completed 200 OK in 48ms (Views: 45.9ms | ActiveRecord: 0.3ms)


Started GET "/subs/1" for 127.0.0.1 at 2018-11-20 15:01:51 -0800
Processing by SubsController#show as HTML
  Parameters: {"id"=>"1"}
  [1m[36mUser Load (0.2ms)[0m  [1m[34mSELECT  "users".* FROM "users" WHERE "users"."session_token" = ? LIMIT ?[0m  [["session_token", "tgX5vRM_MpZcEvMl6XX4sA"], ["LIMIT", 1]]
  ↳ app/controllers/application_controller.rb:11
  [1m[36mSub Load (0.2ms)[0m  [1m[34mSELECT  "subs".* FROM "subs" WHERE "subs"."id" = ? LIMIT ?[0m  [["id", 1], ["LIMIT", 1]]
  ↳ app/controllers/subs_controller.rb:49
  Rendering subs/show.html.erb within layouts/application
  Rendered subs/show.html.erb within layouts/application (0.7ms)
Completed 200 OK in 43ms (Views: 40.8ms | ActiveRecord: 0.4ms)


Started GET "/subs/1" for 127.0.0.1 at 2018-11-20 15:02:05 -0800
Processing by SubsController#show as HTML
  Parameters: {"id"=>"1"}
  [1m[36mUser Load (0.5ms)[0m  [1m[34mSELECT  "users".* FROM "users" WHERE "users"."session_token" = ? LIMIT ?[0m  [["session_token", "tgX5vRM_MpZcEvMl6XX4sA"], ["LIMIT", 1]]
  ↳ app/controllers/application_controller.rb:11
  [1m[36mSub Load (0.3ms)[0m  [1m[34mSELECT  "subs".* FROM "subs" WHERE "subs"."id" = ? LIMIT ?[0m  [["id", 1], ["LIMIT", 1]]
  ↳ app/controllers/subs_controller.rb:49
  Rendering subs/show.html.erb within layouts/application
  Rendered subs/show.html.erb within layouts/application (0.8ms)
Completed 200 OK in 52ms (Views: 48.6ms | ActiveRecord: 0.8ms)


Started GET "/subs/1" for 127.0.0.1 at 2018-11-20 15:02:05 -0800
Processing by SubsController#show as HTML
  Parameters: {"id"=>"1"}
  [1m[36mUser Load (0.2ms)[0m  [1m[34mSELECT  "users".* FROM "users" WHERE "users"."session_token" = ? LIMIT ?[0m  [["session_token", "tgX5vRM_MpZcEvMl6XX4sA"], ["LIMIT", 1]]
  ↳ app/controllers/application_controller.rb:11
  [1m[36mSub Load (0.3ms)[0m  [1m[34mSELECT  "subs".* FROM "subs" WHERE "subs"."id" = ? LIMIT ?[0m  [["id", 1], ["LIMIT", 1]]
  ↳ app/controllers/subs_controller.rb:49
  Rendering subs/show.html.erb within layouts/application
  Rendered subs/show.html.erb within layouts/application (0.9ms)
Completed 200 OK in 42ms (Views: 39.2ms | ActiveRecord: 0.5ms)


Started GET "/subs/1" for 127.0.0.1 at 2018-11-20 15:02:10 -0800
Processing by SubsController#show as HTML
  Parameters: {"id"=>"1"}
  [1m[36mUser Load (0.2ms)[0m  [1m[34mSELECT  "users".* FROM "users" WHERE "users"."session_token" = ? LIMIT ?[0m  [["session_token", "tgX5vRM_MpZcEvMl6XX4sA"], ["LIMIT", 1]]
  ↳ app/controllers/application_controller.rb:11
  [1m[36mSub Load (0.1ms)[0m  [1m[34mSELECT  "subs".* FROM "subs" WHERE "subs"."id" = ? LIMIT ?[0m  [["id", 1], ["LIMIT", 1]]
  ↳ app/controllers/subs_controller.rb:49
  Rendering subs/show.html.erb within layouts/application
  Rendered subs/show.html.erb within layouts/application (0.9ms)
Completed 200 OK in 43ms (Views: 40.3ms | ActiveRecord: 0.4ms)


Started GET "/subs" for 127.0.0.1 at 2018-11-20 15:02:11 -0800
Processing by SubsController#index as HTML
  [1m[36mUser Load (0.2ms)[0m  [1m[34mSELECT  "users".* FROM "users" WHERE "users"."session_token" = ? LIMIT ?[0m  [["session_token", "tgX5vRM_MpZcEvMl6XX4sA"], ["LIMIT", 1]]
  ↳ app/controllers/application_controller.rb:11
  Rendering subs/index.html.erb within layouts/application
  [1m[36mSub Load (0.5ms)[0m  [1m[34mSELECT "subs".* FROM "subs"[0m
  ↳ app/views/subs/index.html.erb:4
  Rendered subs/index.html.erb within layouts/application (2.5ms)
Completed 200 OK in 39ms (Views: 37.5ms | ActiveRecord: 0.7ms)


Started GET "/subs/1" for 127.0.0.1 at 2018-11-20 15:02:14 -0800
Processing by SubsController#show as HTML
  Parameters: {"id"=>"1"}
  [1m[36mUser Load (0.4ms)[0m  [1m[34mSELECT  "users".* FROM "users" WHERE "users"."session_token" = ? LIMIT ?[0m  [["session_token", "tgX5vRM_MpZcEvMl6XX4sA"], ["LIMIT", 1]]
  ↳ app/controllers/application_controller.rb:11
  [1m[36mSub Load (0.3ms)[0m  [1m[34mSELECT  "subs".* FROM "subs" WHERE "subs"."id" = ? LIMIT ?[0m  [["id", 1], ["LIMIT", 1]]
  ↳ app/controllers/subs_controller.rb:49
  Rendering subs/show.html.erb within layouts/application
  Rendered subs/show.html.erb within layouts/application (0.9ms)
Completed 200 OK in 48ms (Views: 42.8ms | ActiveRecord: 0.7ms)


Started GET "/subs/1" for 127.0.0.1 at 2018-11-20 15:03:16 -0800
Processing by SubsController#show as HTML
  Parameters: {"id"=>"1"}
  [1m[36mUser Load (0.3ms)[0m  [1m[34mSELECT  "users".* FROM "users" WHERE "users"."session_token" = ? LIMIT ?[0m  [["session_token", "tgX5vRM_MpZcEvMl6XX4sA"], ["LIMIT", 1]]
  ↳ app/controllers/application_controller.rb:11
  [1m[36mSub Load (0.2ms)[0m  [1m[34mSELECT  "subs".* FROM "subs" WHERE "subs"."id" = ? LIMIT ?[0m  [["id", 1], ["LIMIT", 1]]
  ↳ app/controllers/subs_controller.rb:49
  Rendering subs/show.html.erb within layouts/application
  Rendered subs/show.html.erb within layouts/application (0.9ms)
Completed 200 OK in 52ms (Views: 48.8ms | ActiveRecord: 0.5ms)


Started GET "/posts/new" for 127.0.0.1 at 2018-11-20 15:03:20 -0800
Processing by PostsController#new as HTML
  [1m[36mUser Load (0.2ms)[0m  [1m[34mSELECT  "users".* FROM "users" WHERE "users"."session_token" = ? LIMIT ?[0m  [["session_token", "tgX5vRM_MpZcEvMl6XX4sA"], ["LIMIT", 1]]
  ↳ app/controllers/application_controller.rb:11
  Rendering posts/new.html.erb within layouts/application
  Rendered posts/new.html.erb within layouts/application (0.8ms)
Completed 200 OK in 82ms (Views: 45.5ms | ActiveRecord: 1.5ms)


Started GET "/posts/new" for 127.0.0.1 at 2018-11-20 15:05:18 -0800
Processing by PostsController#new as HTML
  [1m[36mUser Load (0.2ms)[0m  [1m[34mSELECT  "users".* FROM "users" WHERE "users"."session_token" = ? LIMIT ?[0m  [["session_token", "tgX5vRM_MpZcEvMl6XX4sA"], ["LIMIT", 1]]
  ↳ app/controllers/application_controller.rb:11
  Rendering posts/new.html.erb within layouts/application
  Rendered posts/new.html.erb within layouts/application (0.8ms)
Completed 200 OK in 49ms (Views: 47.1ms | ActiveRecord: 0.2ms)


Started POST "/posts" for 127.0.0.1 at 2018-11-20 15:06:00 -0800
Processing by PostsController#create as HTML
  Parameters: {"authenticity_token"=>"10Whh5vJTWoXcGAI7ah/TQut3dy11kgfAmIlCr8Jxeho7qFmKl5umxnRw9EQhM4rrcPrw0u5+1g8d0SGrsRs9w==", "post"=>{"title"=>"How to get more sleep", "url"=>"www.sleep.com", "content"=>"Secret to getting more sleep."}}
  [1m[36mUser Load (0.2ms)[0m  [1m[34mSELECT  "users".* FROM "users" WHERE "users"."session_token" = ? LIMIT ?[0m  [["session_token", "tgX5vRM_MpZcEvMl6XX4sA"], ["LIMIT", 1]]
  ↳ app/controllers/application_controller.rb:11
  [1m[35m (0.1ms)[0m  [1m[36mbegin transaction[0m
  ↳ app/controllers/posts_controller.rb:15
  [1m[36mUser Load (0.2ms)[0m  [1m[34mSELECT  "users".* FROM "users" WHERE "users"."id" = ? LIMIT ?[0m  [["id", 2], ["LIMIT", 1]]
  ↳ app/controllers/posts_controller.rb:15
  [1m[36mPost Create (0.5ms)[0m  [1m[32mINSERT INTO "posts" ("title", "url", "content", "user_id", "created_at", "updated_at") VALUES (?, ?, ?, ?, ?, ?)[0m  [["title", "How to get more sleep"], ["url", "www.sleep.com"], ["content", "Secret to getting more sleep."], ["user_id", 2], ["created_at", "2018-11-20 23:06:00.687362"], ["updated_at", "2018-11-20 23:06:00.687362"]]
  ↳ app/controllers/posts_controller.rb:15
  [1m[35m (1.6ms)[0m  [1m[36mcommit transaction[0m
  ↳ app/controllers/posts_controller.rb:15
Completed 500 Internal Server Error in 12ms (ActiveRecord: 2.5ms)



ActionController::UrlGenerationError - No route matches {:action=>"show", :controller=>"subs", :id=>nil}, missing required keys: [:id]:
  app/controllers/posts_controller.rb:16:in `create'

Started POST "/__better_errors/bedf2f37b6c58f6b/variables" for 127.0.0.1 at 2018-11-20 15:06:00 -0800
